LINK : warning LNK4098: defaultlib 'MSVCRTD' conflicts with use of other libs; use /NODEFAULTLIB:library
LINK : warning LNK4098: defaultlib 'LIBCMT' conflicts with use of other libs; use /NODEFAULTLIB:library
  Generating code
  Previous IPDB not found, fall back to full compilation.
D:\a.Work Files\e.Project Files\a.20.11.15 - chroma.io\chroma.io\chroma.io\source\entities\Widget.cpp(967): warning C4715: 'Widget::setProperty': not all control paths return a value
  All 10790 functions were compiled because no usable IPDB/IOBJ from previous compilation was found.
  Finished generating code
freetype.lib(autofit.obj) : warning LNK4099: PDB 'freetype.pdb' was not found with 'freetype.lib(autofit.obj)' or at 'D:\a.Work Files\e.Project Files\a.20.11.15 - chroma.io\chroma.io\x64\Release\freetype.pdb'; linking object as if no debug info
freetype.lib(ftbase.obj) : warning LNK4099: PDB 'freetype.pdb' was not found with 'freetype.lib(ftbase.obj)' or at 'D:\a.Work Files\e.Project Files\a.20.11.15 - chroma.io\chroma.io\x64\Release\freetype.pdb'; linking object as if no debug info
freetype.lib(ftbitmap.obj) : warning LNK4099: PDB 'freetype.pdb' was not found with 'freetype.lib(ftbitmap.obj)' or at 'D:\a.Work Files\e.Project Files\a.20.11.15 - chroma.io\chroma.io\x64\Release\freetype.pdb'; linking object as if no debug info
freetype.lib(ftinit.obj) : warning LNK4099: PDB 'freetype.pdb' was not found with 'freetype.lib(ftinit.obj)' or at 'D:\a.Work Files\e.Project Files\a.20.11.15 - chroma.io\chroma.io\x64\Release\freetype.pdb'; linking object as if no debug info
freetype.lib(ftsystem.obj) : warning LNK4099: PDB '' was not found with 'freetype.lib(ftsystem.obj)' or at ''; linking object as if no debug info
freetype.lib(bdf.obj) : warning LNK4099: PDB 'freetype.pdb' was not found with 'freetype.lib(bdf.obj)' or at 'D:\a.Work Files\e.Project Files\a.20.11.15 - chroma.io\chroma.io\x64\Release\freetype.pdb'; linking object as if no debug info
freetype.lib(cff.obj) : warning LNK4099: PDB 'freetype.pdb' was not found with 'freetype.lib(cff.obj)' or at 'D:\a.Work Files\e.Project Files\a.20.11.15 - chroma.io\chroma.io\x64\Release\freetype.pdb'; linking object as if no debug info
freetype.lib(type1cid.obj) : warning LNK4099: PDB 'freetype.pdb' was not found with 'freetype.lib(type1cid.obj)' or at 'D:\a.Work Files\e.Project Files\a.20.11.15 - chroma.io\chroma.io\x64\Release\freetype.pdb'; linking object as if no debug info
freetype.lib(ftgzip.obj) : warning LNK4099: PDB 'freetype.pdb' was not found with 'freetype.lib(ftgzip.obj)' or at 'D:\a.Work Files\e.Project Files\a.20.11.15 - chroma.io\chroma.io\x64\Release\freetype.pdb'; linking object as if no debug info
freetype.lib(ftlzw.obj) : warning LNK4099: PDB '' was not found with 'freetype.lib(ftlzw.obj)' or at ''; linking object as if no debug info
freetype.lib(pcf.obj) : warning LNK4099: PDB 'freetype.pdb' was not found with 'freetype.lib(pcf.obj)' or at 'D:\a.Work Files\e.Project Files\a.20.11.15 - chroma.io\chroma.io\x64\Release\freetype.pdb'; linking object as if no debug info
freetype.lib(pfr.obj) : warning LNK4099: PDB 'freetype.pdb' was not found with 'freetype.lib(pfr.obj)' or at 'D:\a.Work Files\e.Project Files\a.20.11.15 - chroma.io\chroma.io\x64\Release\freetype.pdb'; linking object as if no debug info
freetype.lib(psaux.obj) : warning LNK4099: PDB 'freetype.pdb' was not found with 'freetype.lib(psaux.obj)' or at 'D:\a.Work Files\e.Project Files\a.20.11.15 - chroma.io\chroma.io\x64\Release\freetype.pdb'; linking object as if no debug info
freetype.lib(pshinter.obj) : warning LNK4099: PDB 'freetype.pdb' was not found with 'freetype.lib(pshinter.obj)' or at 'D:\a.Work Files\e.Project Files\a.20.11.15 - chroma.io\chroma.io\x64\Release\freetype.pdb'; linking object as if no debug info
freetype.lib(psmodule.obj) : warning LNK4099: PDB 'freetype.pdb' was not found with 'freetype.lib(psmodule.obj)' or at 'D:\a.Work Files\e.Project Files\a.20.11.15 - chroma.io\chroma.io\x64\Release\freetype.pdb'; linking object as if no debug info
freetype.lib(raster.obj) : warning LNK4099: PDB 'freetype.pdb' was not found with 'freetype.lib(raster.obj)' or at 'D:\a.Work Files\e.Project Files\a.20.11.15 - chroma.io\chroma.io\x64\Release\freetype.pdb'; linking object as if no debug info
freetype.lib(sfnt.obj) : warning LNK4099: PDB 'freetype.pdb' was not found with 'freetype.lib(sfnt.obj)' or at 'D:\a.Work Files\e.Project Files\a.20.11.15 - chroma.io\chroma.io\x64\Release\freetype.pdb'; linking object as if no debug info
freetype.lib(smooth.obj) : warning LNK4099: PDB '' was not found with 'freetype.lib(smooth.obj)' or at ''; linking object as if no debug info
freetype.lib(truetype.obj) : warning LNK4099: PDB 'freetype.pdb' was not found with 'freetype.lib(truetype.obj)' or at 'D:\a.Work Files\e.Project Files\a.20.11.15 - chroma.io\chroma.io\x64\Release\freetype.pdb'; linking object as if no debug info
freetype.lib(type1.obj) : warning LNK4099: PDB 'freetype.pdb' was not found with 'freetype.lib(type1.obj)' or at 'D:\a.Work Files\e.Project Files\a.20.11.15 - chroma.io\chroma.io\x64\Release\freetype.pdb'; linking object as if no debug info
freetype.lib(type42.obj) : warning LNK4099: PDB '' was not found with 'freetype.lib(type42.obj)' or at ''; linking object as if no debug info
freetype.lib(winfnt.obj) : warning LNK4099: PDB 'freetype.pdb' was not found with 'freetype.lib(winfnt.obj)' or at 'D:\a.Work Files\e.Project Files\a.20.11.15 - chroma.io\chroma.io\x64\Release\freetype.pdb'; linking object as if no debug info
freetype.lib(ftdebug.obj) : warning LNK4099: PDB 'freetype.pdb' was not found with 'freetype.lib(ftdebug.obj)' or at 'D:\a.Work Files\e.Project Files\a.20.11.15 - chroma.io\chroma.io\x64\Release\freetype.pdb'; linking object as if no debug info
  chroma.io.vcxproj -> D:\a.Work Files\e.Project Files\a.20.11.15 - chroma.io\chroma.io\x64\Release\chroma.io.exe
